Started GET "/" for ::1 at 2021-05-11 20:54:24 +0700
  [1m[35m (1.3ms)[0m  [1m[34mSELECT `schema_migrations`.`version` FROM `schema_migrations` ORDER BY `schema_migrations`.`version` ASC[0m
Processing by PagesController#index as HTML
  [1m[36mUser Load (1.3ms)[0m  [1m[34mSELECT `users`.* FROM `users`[0m
  ↳ app/controllers/pages_controller.rb:3:in `index'
  [1m[36mCount Load (1.1ms)[0m  [1m[34mSELECT `counts`.* FROM `counts` ORDER BY `counts`.`id` DESC LIMIT 1[0m
  ↳ app/controllers/pages_controller.rb:7:in `index'
Completed 200 OK in 33ms (Views: 0.3ms | ActiveRecord: 11.2ms | Allocations: 9852)


Started GET "/" for ::1 at 2021-05-11 20:54:24 +0700
Processing by PagesController#index as HTML
  [1m[36mUser Load (3.4ms)[0m  [1m[34mSELECT `users`.* FROM `users`[0m
  ↳ app/controllers/pages_controller.rb:3:in `index'
  [1m[36mCount Load (1.5ms)[0m  [1m[34mSELECT `counts`.* FROM `counts` ORDER BY `counts`.`id` DESC LIMIT 1[0m
  ↳ app/controllers/pages_controller.rb:7:in `index'
Completed 200 OK in 20ms (Views: 0.3ms | ActiveRecord: 4.9ms | Allocations: 4187)


Started GET "/" for ::1 at 2021-05-11 20:54:26 +0700
Processing by PagesController#index as HTML
  [1m[36mUser Load (1.6ms)[0m  [1m[34mSELECT `users`.* FROM `users`[0m
  ↳ app/controllers/pages_controller.rb:3:in `index'
  [1m[36mCount Load (1.0ms)[0m  [1m[34mSELECT `counts`.* FROM `counts` ORDER BY `counts`.`id` DESC LIMIT 1[0m
  ↳ app/controllers/pages_controller.rb:7:in `index'
Completed 200 OK in 9ms (Views: 0.2ms | ActiveRecord: 2.6ms | Allocations: 4187)


